[2019-10-21 00:03:53] local.ERROR: Header may not contain more than a single header, new line detected {"exception":"[object] (ErrorException(code: 0): Header may not contain more than a single header, new line detected at /var/www/vendor/symfony/http-foundation/Response.php:341)
[stacktrace]
#0 [internal function]: Illuminate\\Foundation\\Bootstrap\\HandleExceptions->handleError(2, 'Header may not ...', '/var/www/vendor...', 341, Array)
#1 /var/www/vendor/symfony/http-foundation/Response.php(341): header('Location: http:...', false, 302)
#2 /var/www/vendor/symfony/http-foundation/Response.php(375): Symfony\\Component\\HttpFoundation\\Response->sendHeaders()
#3 /var/www/public/index.php(58): Symfony\\Component\\HttpFoundation\\Response->send()
#4 {main}
"} 
[2019-10-21 00:04:39] local.ERROR: Header may not contain more than a single header, new line detected {"exception":"[object] (ErrorException(code: 0): Header may not contain more than a single header, new line detected at /var/www/vendor/symfony/http-foundation/Response.php:341)
[stacktrace]
#0 [internal function]: Illuminate\\Foundation\\Bootstrap\\HandleExceptions->handleError(2, 'Header may not ...', '/var/www/vendor...', 341, Array)
#1 /var/www/vendor/symfony/http-foundation/Response.php(341): header('Location: http:...', false, 302)
#2 /var/www/vendor/symfony/http-foundation/Response.php(375): Symfony\\Component\\HttpFoundation\\Response->sendHeaders()
#3 /var/www/public/index.php(58): Symfony\\Component\\HttpFoundation\\Response->send()
#4 {main}
"} 
[2019-10-21 00:05:49] local.ERROR: Header may not contain more than a single header, new line detected {"exception":"[object] (ErrorException(code: 0): Header may not contain more than a single header, new line detected at /var/www/vendor/symfony/http-foundation/Response.php:341)
[stacktrace]
#0 [internal function]: Illuminate\\Foundation\\Bootstrap\\HandleExceptions->handleError(2, 'Header may not ...', '/var/www/vendor...', 341, Array)
#1 /var/www/vendor/symfony/http-foundation/Response.php(341): header('Location: http:...', false, 302)
#2 /var/www/vendor/symfony/http-foundation/Response.php(375): Symfony\\Component\\HttpFoundation\\Response->sendHeaders()
#3 /var/www/public/index.php(58): Symfony\\Component\\HttpFoundation\\Response->send()
#4 {main}
"} 
[2019-10-21 00:07:47] local.ERROR: Header may not contain more than a single header, new line detected {"exception":"[object] (ErrorException(code: 0): Header may not contain more than a single header, new line detected at /var/www/vendor/symfony/http-foundation/Response.php:341)
[stacktrace]
#0 [internal function]: Illuminate\\Foundation\\Bootstrap\\HandleExceptions->handleError(2, 'Header may not ...', '/var/www/vendor...', 341, Array)
#1 /var/www/vendor/symfony/http-foundation/Response.php(341): header('Location: http:...', false, 302)
#2 /var/www/vendor/symfony/http-foundation/Response.php(375): Symfony\\Component\\HttpFoundation\\Response->sendHeaders()
#3 /var/www/public/index.php(58): Symfony\\Component\\HttpFoundation\\Response->send()
#4 {main}
"} 
[2019-10-21 00:07:47] local.ERROR: Header may not contain more than a single header, new line detected {"exception":"[object] (ErrorException(code: 0): Header may not contain more than a single header, new line detected at /var/www/vendor/symfony/http-foundation/Response.php:341)
[stacktrace]
#0 [internal function]: Illuminate\\Foundation\\Bootstrap\\HandleExceptions->handleError(2, 'Header may not ...', '/var/www/vendor...', 341, Array)
#1 /var/www/vendor/symfony/http-foundation/Response.php(341): header('Location: http:...', false, 302)
#2 /var/www/vendor/symfony/http-foundation/Response.php(375): Symfony\\Component\\HttpFoundation\\Response->sendHeaders()
#3 /var/www/public/index.php(58): Symfony\\Component\\HttpFoundation\\Response->send()
#4 {main}
"} 
[2019-10-21 00:07:47] local.ERROR: Header may not contain more than a single header, new line detected {"exception":"[object] (ErrorException(code: 0): Header may not contain more than a single header, new line detected at /var/www/vendor/symfony/http-foundation/Response.php:341)
[stacktrace]
#0 [internal function]: Illuminate\\Foundation\\Bootstrap\\HandleExceptions->handleError(2, 'Header may not ...', '/var/www/vendor...', 341, Array)
#1 /var/www/vendor/symfony/http-foundation/Response.php(341): header('Location: http:...', false, 302)
#2 /var/www/vendor/symfony/http-foundation/Response.php(375): Symfony\\Component\\HttpFoundation\\Response->sendHeaders()
#3 /var/www/public/index.php(58): Symfony\\Component\\HttpFoundation\\Response->send()
#4 {main}
"} 
[2019-10-21 00:07:48] local.ERROR: Header may not contain more than a single header, new line detected {"exception":"[object] (ErrorException(code: 0): Header may not contain more than a single header, new line detected at /var/www/vendor/symfony/http-foundation/Response.php:341)
[stacktrace]
#0 [internal function]: Illuminate\\Foundation\\Bootstrap\\HandleExceptions->handleError(2, 'Header may not ...', '/var/www/vendor...', 341, Array)
#1 /var/www/vendor/symfony/http-foundation/Response.php(341): header('Location: http:...', false, 302)
#2 /var/www/vendor/symfony/http-foundation/Response.php(375): Symfony\\Component\\HttpFoundation\\Response->sendHeaders()
#3 /var/www/public/index.php(58): Symfony\\Component\\HttpFoundation\\Response->send()
#4 {main}
"} 
[2019-10-21 00:07:48] local.ERROR: Header may not contain more than a single header, new line detected {"exception":"[object] (ErrorException(code: 0): Header may not contain more than a single header, new line detected at /var/www/vendor/symfony/http-foundation/Response.php:341)
[stacktrace]
#0 [internal function]: Illuminate\\Foundation\\Bootstrap\\HandleExceptions->handleError(2, 'Header may not ...', '/var/www/vendor...', 341, Array)
#1 /var/www/vendor/symfony/http-foundation/Response.php(341): header('Location: http:...', false, 302)
#2 /var/www/vendor/symfony/http-foundation/Response.php(375): Symfony\\Component\\HttpFoundation\\Response->sendHeaders()
#3 /var/www/public/index.php(58): Symfony\\Component\\HttpFoundation\\Response->send()
#4 {main}
"} 
[2019-10-21 00:07:48] local.ERROR: Header may not contain more than a single header, new line detected {"exception":"[object] (ErrorException(code: 0): Header may not contain more than a single header, new line detected at /var/www/vendor/symfony/http-foundation/Response.php:341)
[stacktrace]
#0 [internal function]: Illuminate\\Foundation\\Bootstrap\\HandleExceptions->handleError(2, 'Header may not ...', '/var/www/vendor...', 341, Array)
#1 /var/www/vendor/symfony/http-foundation/Response.php(341): header('Location: http:...', false, 302)
#2 /var/www/vendor/symfony/http-foundation/Response.php(375): Symfony\\Component\\HttpFoundation\\Response->sendHeaders()
#3 /var/www/public/index.php(58): Symfony\\Component\\HttpFoundation\\Response->send()
#4 {main}
"} 
[2019-10-21 00:07:54] local.ERROR: Header may not contain more than a single header, new line detected {"exception":"[object] (ErrorException(code: 0): Header may not contain more than a single header, new line detected at /var/www/vendor/symfony/http-foundation/Response.php:341)
[stacktrace]
#0 [internal function]: Illuminate\\Foundation\\Bootstrap\\HandleExceptions->handleError(2, 'Header may not ...', '/var/www/vendor...', 341, Array)
#1 /var/www/vendor/symfony/http-foundation/Response.php(341): header('Location: http:...', false, 302)
#2 /var/www/vendor/symfony/http-foundation/Response.php(375): Symfony\\Component\\HttpFoundation\\Response->sendHeaders()
#3 /var/www/public/index.php(58): Symfony\\Component\\HttpFoundation\\Response->send()
#4 {main}
"} 
[2019-10-21 00:08:03] local.ERROR: Header may not contain more than a single header, new line detected {"exception":"[object] (ErrorException(code: 0): Header may not contain more than a single header, new line detected at /var/www/vendor/symfony/http-foundation/Response.php:341)
[stacktrace]
#0 [internal function]: Illuminate\\Foundation\\Bootstrap\\HandleExceptions->handleError(2, 'Header may not ...', '/var/www/vendor...', 341, Array)
#1 /var/www/vendor/symfony/http-foundation/Response.php(341): header('Location: http:...', false, 302)
#2 /var/www/vendor/symfony/http-foundation/Response.php(375): Symfony\\Component\\HttpFoundation\\Response->sendHeaders()
#3 /var/www/public/index.php(58): Symfony\\Component\\HttpFoundation\\Response->send()
#4 {main}
"} 
[2019-10-21 00:08:42] local.ERROR: Header may not contain more than a single header, new line detected {"exception":"[object] (ErrorException(code: 0): Header may not contain more than a single header, new line detected at /var/www/vendor/symfony/http-foundation/Response.php:341)
[stacktrace]
#0 [internal function]: Illuminate\\Foundation\\Bootstrap\\HandleExceptions->handleError(2, 'Header may not ...', '/var/www/vendor...', 341, Array)
#1 /var/www/vendor/symfony/http-foundation/Response.php(341): header('Location: http:...', false, 302)
#2 /var/www/vendor/symfony/http-foundation/Response.php(375): Symfony\\Component\\HttpFoundation\\Response->sendHeaders()
#3 /var/www/public/index.php(58): Symfony\\Component\\HttpFoundation\\Response->send()
#4 {main}
"} 
[2019-10-21 00:09:12] local.ERROR: Header may not contain more than a single header, new line detected {"exception":"[object] (ErrorException(code: 0): Header may not contain more than a single header, new line detected at /var/www/vendor/symfony/http-foundation/Response.php:341)
[stacktrace]
#0 [internal function]: Illuminate\\Foundation\\Bootstrap\\HandleExceptions->handleError(2, 'Header may not ...', '/var/www/vendor...', 341, Array)
#1 /var/www/vendor/symfony/http-foundation/Response.php(341): header('Location: http:...', false, 302)
#2 /var/www/vendor/symfony/http-foundation/Response.php(375): Symfony\\Component\\HttpFoundation\\Response->sendHeaders()
#3 /var/www/public/index.php(58): Symfony\\Component\\HttpFoundation\\Response->send()
#4 {main}
"} 
[2019-10-21 00:09:13] local.ERROR: Header may not contain more than a single header, new line detected {"exception":"[object] (ErrorException(code: 0): Header may not contain more than a single header, new line detected at /var/www/vendor/symfony/http-foundation/Response.php:341)
[stacktrace]
#0 [internal function]: Illuminate\\Foundation\\Bootstrap\\HandleExceptions->handleError(2, 'Header may not ...', '/var/www/vendor...', 341, Array)
#1 /var/www/vendor/symfony/http-foundation/Response.php(341): header('Location: http:...', false, 302)
#2 /var/www/vendor/symfony/http-foundation/Response.php(375): Symfony\\Component\\HttpFoundation\\Response->sendHeaders()
#3 /var/www/public/index.php(58): Symfony\\Component\\HttpFoundation\\Response->send()
#4 {main}
"} 
[2019-10-21 00:09:13] local.ERROR: Header may not contain more than a single header, new line detected {"exception":"[object] (ErrorException(code: 0): Header may not contain more than a single header, new line detected at /var/www/vendor/symfony/http-foundation/Response.php:341)
[stacktrace]
#0 [internal function]: Illuminate\\Foundation\\Bootstrap\\HandleExceptions->handleError(2, 'Header may not ...', '/var/www/vendor...', 341, Array)
#1 /var/www/vendor/symfony/http-foundation/Response.php(341): header('Location: http:...', false, 302)
#2 /var/www/vendor/symfony/http-foundation/Response.php(375): Symfony\\Component\\HttpFoundation\\Response->sendHeaders()
#3 /var/www/public/index.php(58): Symfony\\Component\\HttpFoundation\\Response->send()
#4 {main}
"} 
[2019-10-21 00:09:13] local.ERROR: Header may not contain more than a single header, new line detected {"exception":"[object] (ErrorException(code: 0): Header may not contain more than a single header, new line detected at /var/www/vendor/symfony/http-foundation/Response.php:341)
[stacktrace]
#0 [internal function]: Illuminate\\Foundation\\Bootstrap\\HandleExceptions->handleError(2, 'Header may not ...', '/var/www/vendor...', 341, Array)
#1 /var/www/vendor/symfony/http-foundation/Response.php(341): header('Location: http:...', false, 302)
#2 /var/www/vendor/symfony/http-foundation/Response.php(375): Symfony\\Component\\HttpFoundation\\Response->sendHeaders()
#3 /var/www/public/index.php(58): Symfony\\Component\\HttpFoundation\\Response->send()
#4 {main}
"} 
[2019-10-21 00:09:13] local.ERROR: Header may not contain more than a single header, new line detected {"exception":"[object] (ErrorException(code: 0): Header may not contain more than a single header, new line detected at /var/www/vendor/symfony/http-foundation/Response.php:341)
[stacktrace]
#0 [internal function]: Illuminate\\Foundation\\Bootstrap\\HandleExceptions->handleError(2, 'Header may not ...', '/var/www/vendor...', 341, Array)
#1 /var/www/vendor/symfony/http-foundation/Response.php(341): header('Location: http:...', false, 302)
#2 /var/www/vendor/symfony/http-foundation/Response.php(375): Symfony\\Component\\HttpFoundation\\Response->sendHeaders()
#3 /var/www/public/index.php(58): Symfony\\Component\\HttpFoundation\\Response->send()
#4 {main}
"} 
[2019-10-21 00:09:14] local.ERROR: Header may not contain more than a single header, new line detected {"exception":"[object] (ErrorException(code: 0): Header may not contain more than a single header, new line detected at /var/www/vendor/symfony/http-foundation/Response.php:341)
[stacktrace]
#0 [internal function]: Illuminate\\Foundation\\Bootstrap\\HandleExceptions->handleError(2, 'Header may not ...', '/var/www/vendor...', 341, Array)
#1 /var/www/vendor/symfony/http-foundation/Response.php(341): header('Location: http:...', false, 302)
#2 /var/www/vendor/symfony/http-foundation/Response.php(375): Symfony\\Component\\HttpFoundation\\Response->sendHeaders()
#3 /var/www/public/index.php(58): Symfony\\Component\\HttpFoundation\\Response->send()
#4 {main}
"} 
[2019-10-21 00:09:14] local.ERROR: Header may not contain more than a single header, new line detected {"exception":"[object] (ErrorException(code: 0): Header may not contain more than a single header, new line detected at /var/www/vendor/symfony/http-foundation/Response.php:341)
[stacktrace]
#0 [internal function]: Illuminate\\Foundation\\Bootstrap\\HandleExceptions->handleError(2, 'Header may not ...', '/var/www/vendor...', 341, Array)
#1 /var/www/vendor/symfony/http-foundation/Response.php(341): header('Location: http:...', false, 302)
#2 /var/www/vendor/symfony/http-foundation/Response.php(375): Symfony\\Component\\HttpFoundation\\Response->sendHeaders()
#3 /var/www/public/index.php(58): Symfony\\Component\\HttpFoundation\\Response->send()
#4 {main}
"} 
[2019-10-21 00:11:11] local.ERROR: Argument 1 passed to Tymon\JWTAuth\JWTAuth::attempt() must be of the type array, string given, called in /var/www/vendor/laravel/framework/src/Illuminate/Support/Facades/Facade.php on line 239 {"exception":"[object] (Symfony\\Component\\Debug\\Exception\\FatalThrowableError(code: 0): Argument 1 passed to Tymon\\JWTAuth\\JWTAuth::attempt() must be of the type array, string given, called in /var/www/vendor/laravel/framework/src/Illuminate/Support/Facades/Facade.php on line 239 at /var/www/vendor/tymon/jwt-auth/src/JWTAuth.php:48)
[stacktrace]
#0 /var/www/vendor/laravel/framework/src/Illuminate/Support/Facades/Facade.php(239): Tymon\\JWTAuth\\JWTAuth->attempt('zPntKiGpr0tuOxL...')
#1 /var/www/app/Http/Controllers/UserController.php(230): Illuminate\\Support\\Facades\\Facade::__callStatic('attempt', Array)
#2 [internal function]: App\\Http\\Controllers\\UserController->login(Object(Illuminate\\Http\\Request))
#3 /var/www/vendor/laravel/framework/src/Illuminate/Routing/Controller.php(54): call_user_func_array(Array, Array)
#4 /var/www/vendor/laravel/framework/src/Illuminate/Routing/ControllerDispatcher.php(45): Illuminate\\Routing\\Controller->callAction('login', Array)
#5 /var/www/vendor/laravel/framework/src/Illuminate/Routing/Route.php(219): Illuminate\\Routing\\ControllerDispatcher->dispatch(Object(Illuminate\\Routing\\Route), Object(App\\Http\\Controllers\\UserController), 'login')
#6 /var/www/vendor/laravel/framework/src/Illuminate/Routing/Route.php(176): Illuminate\\Routing\\Route->runController()
#7 /var/www/vendor/laravel/framework/src/Illuminate/Routing/Router.php(680): Illuminate\\Routing\\Route->run()
#8 /var/www/vendor/laravel/framework/src/Illuminate/Routing/Pipeline.php(30): Illuminate\\Routing\\Router->Illuminate\\Routing\\{closure}(Object(Illuminate\\Http\\Request))
#9 /var/www/vendor/laravel/framework/src/Illuminate/Routing/Middleware/SubstituteBindings.php(41): Illuminate\\Routing\\Pipeline->Illuminate\\Routing\\{closure}(Object(Illuminate\\Http\\Request))
#10 /var/www/vendor/laravel/framework/src/Illuminate/Pipeline/Pipeline.php(163): Illuminate\\Routing\\Middleware\\SubstituteBindings->handle(Object(Illuminate\\Http\\Request), Object(Closure))
#11 /var/www/vendor/laravel/framework/src/Illuminate/Routing/Pipeline.php(53): Illuminate\\Pipeline\\Pipeline->Illuminate\\Pipeline\\{closure}(Object(Illuminate\\Http\\Request))
#12 /var/www/vendor/laravel/framework/src/Illuminate/Foundation/Http/Middleware/VerifyCsrfToken.php(75): Illuminate\\Routing\\Pipeline->Illuminate\\Routing\\{closure}(Object(Illuminate\\Http\\Request))
#13 /var/www/vendor/laravel/framework/src/Illuminate/Pipeline/Pipeline.php(163): Illuminate\\Foundation\\Http\\Middleware\\VerifyCsrfToken->handle(Object(Illuminate\\Http\\Request), Object(Closure))
#14 /var/www/vendor/laravel/framework/src/Illuminate/Routing/Pipeline.php(53): Illuminate\\Pipeline\\Pipeline->Illuminate\\Pipeline\\{closure}(Object(Illuminate\\Http\\Request))
#15 /var/www/vendor/laravel/framework/src/Illuminate/View/Middleware/ShareErrorsFromSession.php(49): Illuminate\\Routing\\Pipeline->Illuminate\\Routing\\{closure}(Object(Illuminate\\Http\\Request))
#16 /var/www/vendor/laravel/framework/src/Illuminate/Pipeline/Pipeline.php(163): Illuminate\\View\\Middleware\\ShareErrorsFromSession->handle(Object(Illuminate\\Http\\Request), Object(Closure))
#17 /var/www/vendor/laravel/framework/src/Illuminate/Routing/Pipeline.php(53): Illuminate\\Pipeline\\Pipeline->Illuminate\\Pipeline\\{closure}(Object(Illuminate\\Http\\Request))
#18 /var/www/vendor/laravel/framework/src/Illuminate/Session/Middleware/StartSession.php(56): Illuminate\\Routing\\Pipeline->Illuminate\\Routing\\{closure}(Object(Illuminate\\Http\\Request))
#19 /var/www/vendor/laravel/framework/src/Illuminate/Pipeline/Pipeline.php(163): Illuminate\\Session\\Middleware\\StartSession->handle(Object(Illuminate\\Http\\Request), Object(Closure))
#20 /var/www/vendor/laravel/framework/src/Illuminate/Routing/Pipeline.php(53): Illuminate\\Pipeline\\Pipeline->Illuminate\\Pipeline\\{closure}(Object(Illuminate\\Http\\Request))
#21 /var/www/vendor/laravel/framework/src/Illuminate/Cookie/Middleware/AddQueuedCookiesToResponse.php(37): Illuminate\\Routing\\Pipeline->Illuminate\\Routing\\{closure}(Object(Illuminate\\Http\\Request))
#22 /var/www/vendor/laravel/framework/src/Illuminate/Pipeline/Pipeline.php(163): Illuminate\\Cookie\\Middleware\\AddQueuedCookiesToResponse->handle(Object(Illuminate\\Http\\Request), Object(Closure))
#23 /var/www/vendor/laravel/framework/src/Illuminate/Routing/Pipeline.php(53): Illuminate\\Pipeline\\Pipeline->Illuminate\\Pipeline\\{closure}(Object(Illuminate\\Http\\Request))
#24 /var/www/vendor/laravel/framework/src/Illuminate/Cookie/Middleware/EncryptCookies.php(66): Illuminate\\Routing\\Pipeline->Illuminate\\Routing\\{closure}(Object(Illuminate\\Http\\Request))
#25 /var/www/vendor/laravel/framework/src/Illuminate/Pipeline/Pipeline.php(163): Illuminate\\Cookie\\Middleware\\EncryptCookies->handle(Object(Illuminate\\Http\\Request), Object(Closure))
#26 /var/www/vendor/laravel/framework/src/Illuminate/Routing/Pipeline.php(53): Illuminate\\Pipeline\\Pipeline->Illuminate\\Pipeline\\{closure}(Object(Illuminate\\Http\\Request))
#27 /var/www/vendor/laravel/framework/src/Illuminate/Pipeline/Pipeline.php(104): Illuminate\\Routing\\Pipeline->Illuminate\\Routing\\{closure}(Object(Illuminate\\Http\\Request))
#28 /var/www/vendor/laravel/framework/src/Illuminate/Routing/Router.php(682): Illuminate\\Pipeline\\Pipeline->then(Object(Closure))
#29 /var/www/vendor/laravel/framework/src/Illuminate/Routing/Router.php(657): Illuminate\\Routing\\Router->runRouteWithinStack(Object(Illuminate\\Routing\\Route), Object(Illuminate\\Http\\Request))
#30 /var/www/vendor/laravel/framework/src/Illuminate/Routing/Router.php(623): Illuminate\\Routing\\Router->runRoute(Object(Illuminate\\Http\\Request), Object(Illuminate\\Routing\\Route))
#31 /var/www/vendor/laravel/framework/src/Illuminate/Routing/Router.php(612): Illuminate\\Routing\\Router->dispatchToRoute(Object(Illuminate\\Http\\Request))
#32 /var/www/vendor/laravel/framework/src/Illuminate/Foundation/Http/Kernel.php(176): Illuminate\\Routing\\Router->dispatch(Object(Illuminate\\Http\\Request))
#33 /var/www/vendor/laravel/framework/src/Illuminate/Routing/Pipeline.php(30): Illuminate\\Foundation\\Http\\Kernel->Illuminate\\Foundation\\Http\\{closure}(Object(Illuminate\\Http\\Request))
#34 /var/www/vendor/laravel/framework/src/Illuminate/Foundation/Http/Middleware/TransformsRequest.php(21): Illuminate\\Routing\\Pipeline->Illuminate\\Routing\\{closure}(Object(Illuminate\\Http\\Request))
#35 /var/www/vendor/laravel/framework/src/Illuminate/Pipeline/Pipeline.php(163): Illuminate\\Foundation\\Http\\Middleware\\TransformsRequest->handle(Object(Illuminate\\Http\\Request), Object(Closure))
#36 /var/www/vendor/laravel/framework/src/Illuminate/Routing/Pipeline.php(53): Illuminate\\Pipeline\\Pipeline->Illuminate\\Pipeline\\{closure}(Object(Illuminate\\Http\\Request))
#37 /var/www/vendor/laravel/framework/src/Illuminate/Foundation/Http/Middleware/TransformsRequest.php(21): Illuminate\\Routing\\Pipeline->Illuminate\\Routing\\{closure}(Object(Illuminate\\Http\\Request))
#38 /var/www/vendor/laravel/framework/src/Illuminate/Pipeline/Pipeline.php(163): Illuminate\\Foundation\\Http\\Middleware\\TransformsRequest->handle(Object(Illuminate\\Http\\Request), Object(Closure))
#39 /var/www/vendor/laravel/framework/src/Illuminate/Routing/Pipeline.php(53): Illuminate\\Pipeline\\Pipeline->Illuminate\\Pipeline\\{closure}(Object(Illuminate\\Http\\Request))
#40 /var/www/vendor/laravel/framework/src/Illuminate/Foundation/Http/Middleware/ValidatePostSize.php(27): Illuminate\\Routing\\Pipeline->Illuminate\\Routing\\{closure}(Object(Illuminate\\Http\\Request))
#41 /var/www/vendor/laravel/framework/src/Illuminate/Pipeline/Pipeline.php(163): Illuminate\\Foundation\\Http\\Middleware\\ValidatePostSize->handle(Object(Illuminate\\Http\\Request), Object(Closure))
#42 /var/www/vendor/laravel/framework/src/Illuminate/Routing/Pipeline.php(53): Illuminate\\Pipeline\\Pipeline->Illuminate\\Pipeline\\{closure}(Object(Illuminate\\Http\\Request))
#43 /var/www/vendor/laravel/framework/src/Illuminate/Foundation/Http/Middleware/CheckForMaintenanceMode.php(62): Illuminate\\Routing\\Pipeline->Illuminate\\Routing\\{closure}(Object(Illuminate\\Http\\Request))
#44 /var/www/vendor/laravel/framework/src/Illuminate/Pipeline/Pipeline.php(163): Illuminate\\Foundation\\Http\\Middleware\\CheckForMaintenanceMode->handle(Object(Illuminate\\Http\\Request), Object(Closure))
#45 /var/www/vendor/laravel/framework/src/Illuminate/Routing/Pipeline.php(53): Illuminate\\Pipeline\\Pipeline->Illuminate\\Pipeline\\{closure}(Object(Illuminate\\Http\\Request))
#46 /var/www/vendor/fideloper/proxy/src/TrustProxies.php(57): Illuminate\\Routing\\Pipeline->Illuminate\\Routing\\{closure}(Object(Illuminate\\Http\\Request))
#47 /var/www/vendor/laravel/framework/src/Illuminate/Pipeline/Pipeline.php(163): Fideloper\\Proxy\\TrustProxies->handle(Object(Illuminate\\Http\\Request), Object(Closure))
#48 /var/www/vendor/laravel/framework/src/Illuminate/Routing/Pipeline.php(53): Illuminate\\Pipeline\\Pipeline->Illuminate\\Pipeline\\{closure}(Object(Illuminate\\Http\\Request))
#49 /var/www/vendor/laravel/framework/src/Illuminate/Pipeline/Pipeline.php(104): Illuminate\\Routing\\Pipeline->Illuminate\\Routing\\{closure}(Object(Illuminate\\Http\\Request))
#50 /var/www/vendor/laravel/framework/src/Illuminate/Foundation/Http/Kernel.php(151): Illuminate\\Pipeline\\Pipeline->then(Object(Closure))
#51 /var/www/vendor/laravel/framework/src/Illuminate/Foundation/Http/Kernel.php(116): Illuminate\\Foundation\\Http\\Kernel->sendRequestThroughRouter(Object(Illuminate\\Http\\Request))
#52 /var/www/public/index.php(55): Illuminate\\Foundation\\Http\\Kernel->handle(Object(Illuminate\\Http\\Request))
#53 {main}
"} 
[2019-10-21 00:13:40] local.ERROR: Route [/home] not defined. {"userId":"5dacb93eee83595cca665ad3","exception":"[object] (InvalidArgumentException(code: 0): Route [/home] not defined. at /var/www/vendor/laravel/framework/src/Illuminate/Routing/UrlGenerator.php:388)
[stacktrace]
#0 /var/www/vendor/laravel/framework/src/Illuminate/Foundation/helpers.php(782): Illuminate\\Routing\\UrlGenerator->route('/home', Array, true)
#1 /var/www/app/Http/Controllers/HomeController.php(26): route('/home')
#2 [internal function]: App\\Http\\Controllers\\HomeController->index()
#3 /var/www/vendor/laravel/framework/src/Illuminate/Routing/Controller.php(54): call_user_func_array(Array, Array)
#4 /var/www/vendor/laravel/framework/src/Illuminate/Routing/ControllerDispatcher.php(45): Illuminate\\Routing\\Controller->callAction('index', Array)
#5 /var/www/vendor/laravel/framework/src/Illuminate/Routing/Route.php(219): Illuminate\\Routing\\ControllerDispatcher->dispatch(Object(Illuminate\\Routing\\Route), Object(App\\Http\\Controllers\\HomeController), 'index')
#6 /var/www/vendor/laravel/framework/src/Illuminate/Routing/Route.php(176): Illuminate\\Routing\\Route->runController()
#7 /var/www/vendor/laravel/framework/src/Illuminate/Routing/Router.php(680): Illuminate\\Routing\\Route->run()
#8 /var/www/vendor/laravel/framework/src/Illuminate/Routing/Pipeline.php(30): Illuminate\\Routing\\Router->Illuminate\\Routing\\{closure}(Object(Illuminate\\Http\\Request))
#9 /var/www/vendor/laravel/framework/src/Illuminate/Routing/Middleware/SubstituteBindings.php(41): Illuminate\\Routing\\Pipeline->Illuminate\\Routing\\{closure}(Object(Illuminate\\Http\\Request))
#10 /var/www/vendor/laravel/framework/src/Illuminate/Pipeline/Pipeline.php(163): Illuminate\\Routing\\Middleware\\SubstituteBindings->handle(Object(Illuminate\\Http\\Request), Object(Closure))
#11 /var/www/vendor/laravel/framework/src/Illuminate/Routing/Pipeline.php(53): Illuminate\\Pipeline\\Pipeline->Illuminate\\Pipeline\\{closure}(Object(Illuminate\\Http\\Request))
#12 /var/www/vendor/laravel/framework/src/Illuminate/Auth/Middleware/Authenticate.php(43): Illuminate\\Routing\\Pipeline->Illuminate\\Routing\\{closure}(Object(Illuminate\\Http\\Request))
#13 /var/www/vendor/laravel/framework/src/Illuminate/Pipeline/Pipeline.php(163): Illuminate\\Auth\\Middleware\\Authenticate->handle(Object(Illuminate\\Http\\Request), Object(Closure))
#14 /var/www/vendor/laravel/framework/src/Illuminate/Routing/Pipeline.php(53): Illuminate\\Pipeline\\Pipeline->Illuminate\\Pipeline\\{closure}(Object(Illuminate\\Http\\Request))
#15 /var/www/vendor/laravel/framework/src/Illuminate/Foundation/Http/Middleware/VerifyCsrfToken.php(75): Illuminate\\Routing\\Pipeline->Illuminate\\Routing\\{closure}(Object(Illuminate\\Http\\Request))
#16 /var/www/vendor/laravel/framework/src/Illuminate/Pipeline/Pipeline.php(163): Illuminate\\Foundation\\Http\\Middleware\\VerifyCsrfToken->handle(Object(Illuminate\\Http\\Request), Object(Closure))
#17 /var/www/vendor/laravel/framework/src/Illuminate/Routing/Pipeline.php(53): Illuminate\\Pipeline\\Pipeline->Illuminate\\Pipeline\\{closure}(Object(Illuminate\\Http\\Request))
#18 /var/www/vendor/laravel/framework/src/Illuminate/View/Middleware/ShareErrorsFromSession.php(49): Illuminate\\Routing\\Pipeline->Illuminate\\Routing\\{closure}(Object(Illuminate\\Http\\Request))
#19 /var/www/vendor/laravel/framework/src/Illuminate/Pipeline/Pipeline.php(163): Illuminate\\View\\Middleware\\ShareErrorsFromSession->handle(Object(Illuminate\\Http\\Request), Object(Closure))
#20 /var/www/vendor/laravel/framework/src/Illuminate/Routing/Pipeline.php(53): Illuminate\\Pipeline\\Pipeline->Illuminate\\Pipeline\\{closure}(Object(Illuminate\\Http\\Request))
#21 /var/www/vendor/laravel/framework/src/Illuminate/Session/Middleware/StartSession.php(56): Illuminate\\Routing\\Pipeline->Illuminate\\Routing\\{closure}(Object(Illuminate\\Http\\Request))
#22 /var/www/vendor/laravel/framework/src/Illuminate/Pipeline/Pipeline.php(163): Illuminate\\Session\\Middleware\\StartSession->handle(Object(Illuminate\\Http\\Request), Object(Closure))
#23 /var/www/vendor/laravel/framework/src/Illuminate/Routing/Pipeline.php(53): Illuminate\\Pipeline\\Pipeline->Illuminate\\Pipeline\\{closure}(Object(Illuminate\\Http\\Request))
#24 /var/www/vendor/laravel/framework/src/Illuminate/Cookie/Middleware/AddQueuedCookiesToResponse.php(37): Illuminate\\Routing\\Pipeline->Illuminate\\Routing\\{closure}(Object(Illuminate\\Http\\Request))
#25 /var/www/vendor/laravel/framework/src/Illuminate/Pipeline/Pipeline.php(163): Illuminate\\Cookie\\Middleware\\AddQueuedCookiesToResponse->handle(Object(Illuminate\\Http\\Request), Object(Closure))
#26 /var/www/vendor/laravel/framework/src/Illuminate/Routing/Pipeline.php(53): Illuminate\\Pipeline\\Pipeline->Illuminate\\Pipeline\\{closure}(Object(Illuminate\\Http\\Request))
#27 /var/www/vendor/laravel/framework/src/Illuminate/Cookie/Middleware/EncryptCookies.php(66): Illuminate\\Routing\\Pipeline->Illuminate\\Routing\\{closure}(Object(Illuminate\\Http\\Request))
#28 /var/www/vendor/laravel/framework/src/Illuminate/Pipeline/Pipeline.php(163): Illuminate\\Cookie\\Middleware\\EncryptCookies->handle(Object(Illuminate\\Http\\Request), Object(Closure))
#29 /var/www/vendor/laravel/framework/src/Illuminate/Routing/Pipeline.php(53): Illuminate\\Pipeline\\Pipeline->Illuminate\\Pipeline\\{closure}(Object(Illuminate\\Http\\Request))
#30 /var/www/vendor/laravel/framework/src/Illuminate/Pipeline/Pipeline.php(104): Illuminate\\Routing\\Pipeline->Illuminate\\Routing\\{closure}(Object(Illuminate\\Http\\Request))
#31 /var/www/vendor/laravel/framework/src/Illuminate/Routing/Router.php(682): Illuminate\\Pipeline\\Pipeline->then(Object(Closure))
#32 /var/www/vendor/laravel/framework/src/Illuminate/Routing/Router.php(657): Illuminate\\Routing\\Router->runRouteWithinStack(Object(Illuminate\\Routing\\Route), Object(Illuminate\\Http\\Request))
#33 /var/www/vendor/laravel/framework/src/Illuminate/Routing/Router.php(623): Illuminate\\Routing\\Router->runRoute(Object(Illuminate\\Http\\Request), Object(Illuminate\\Routing\\Route))
#34 /var/www/vendor/laravel/framework/src/Illuminate/Routing/Router.php(612): Illuminate\\Routing\\Router->dispatchToRoute(Object(Illuminate\\Http\\Request))
#35 /var/www/vendor/laravel/framework/src/Illuminate/Foundation/Http/Kernel.php(176): Illuminate\\Routing\\Router->dispatch(Object(Illuminate\\Http\\Request))
#36 /var/www/vendor/laravel/framework/src/Illuminate/Routing/Pipeline.php(30): Illuminate\\Foundation\\Http\\Kernel->Illuminate\\Foundation\\Http\\{closure}(Object(Illuminate\\Http\\Request))
#37 /var/www/vendor/laravel/framework/src/Illuminate/Foundation/Http/Middleware/TransformsRequest.php(21): Illuminate\\Routing\\Pipeline->Illuminate\\Routing\\{closure}(Object(Illuminate\\Http\\Request))
#38 /var/www/vendor/laravel/framework/src/Illuminate/Pipeline/Pipeline.php(163): Illuminate\\Foundation\\Http\\Middleware\\TransformsRequest->handle(Object(Illuminate\\Http\\Request), Object(Closure))
#39 /var/www/vendor/laravel/framework/src/Illuminate/Routing/Pipeline.php(53): Illuminate\\Pipeline\\Pipeline->Illuminate\\Pipeline\\{closure}(Object(Illuminate\\Http\\Request))
#40 /var/www/vendor/laravel/framework/src/Illuminate/Foundation/Http/Middleware/TransformsRequest.php(21): Illuminate\\Routing\\Pipeline->Illuminate\\Routing\\{closure}(Object(Illuminate\\Http\\Request))
#41 /var/www/vendor/laravel/framework/src/Illuminate/Pipeline/Pipeline.php(163): Illuminate\\Foundation\\Http\\Middleware\\TransformsRequest->handle(Object(Illuminate\\Http\\Request), Object(Closure))
#42 /var/www/vendor/laravel/framework/src/Illuminate/Routing/Pipeline.php(53): Illuminate\\Pipeline\\Pipeline->Illuminate\\Pipeline\\{closure}(Object(Illuminate\\Http\\Request))
#43 /var/www/vendor/laravel/framework/src/Illuminate/Foundation/Http/Middleware/ValidatePostSize.php(27): Illuminate\\Routing\\Pipeline->Illuminate\\Routing\\{closure}(Object(Illuminate\\Http\\Request))
#44 /var/www/vendor/laravel/framework/src/Illuminate/Pipeline/Pipeline.php(163): Illuminate\\Foundation\\Http\\Middleware\\ValidatePostSize->handle(Object(Illuminate\\Http\\Request), Object(Closure))
#45 /var/www/vendor/laravel/framework/src/Illuminate/Routing/Pipeline.php(53): Illuminate\\Pipeline\\Pipeline->Illuminate\\Pipeline\\{closure}(Object(Illuminate\\Http\\Request))
#46 /var/www/vendor/laravel/framework/src/Illuminate/Foundation/Http/Middleware/CheckForMaintenanceMode.php(62): Illuminate\\Routing\\Pipeline->Illuminate\\Routing\\{closure}(Object(Illuminate\\Http\\Request))
#47 /var/www/vendor/laravel/framework/src/Illuminate/Pipeline/Pipeline.php(163): Illuminate\\Foundation\\Http\\Middleware\\CheckForMaintenanceMode->handle(Object(Illuminate\\Http\\Request), Object(Closure))
#48 /var/www/vendor/laravel/framework/src/Illuminate/Routing/Pipeline.php(53): Illuminate\\Pipeline\\Pipeline->Illuminate\\Pipeline\\{closure}(Object(Illuminate\\Http\\Request))
#49 /var/www/vendor/fideloper/proxy/src/TrustProxies.php(57): Illuminate\\Routing\\Pipeline->Illuminate\\Routing\\{closure}(Object(Illuminate\\Http\\Request))
#50 /var/www/vendor/laravel/framework/src/Illuminate/Pipeline/Pipeline.php(163): Fideloper\\Proxy\\TrustProxies->handle(Object(Illuminate\\Http\\Request), Object(Closure))
#51 /var/www/vendor/laravel/framework/src/Illuminate/Routing/Pipeline.php(53): Illuminate\\Pipeline\\Pipeline->Illuminate\\Pipeline\\{closure}(Object(Illuminate\\Http\\Request))
#52 /var/www/vendor/laravel/framework/src/Illuminate/Pipeline/Pipeline.php(104): Illuminate\\Routing\\Pipeline->Illuminate\\Routing\\{closure}(Object(Illuminate\\Http\\Request))
#53 /var/www/vendor/laravel/framework/src/Illuminate/Foundation/Http/Kernel.php(151): Illuminate\\Pipeline\\Pipeline->then(Object(Closure))
#54 /var/www/vendor/laravel/framework/src/Illuminate/Foundation/Http/Kernel.php(116): Illuminate\\Foundation\\Http\\Kernel->sendRequestThroughRouter(Object(Illuminate\\Http\\Request))
#55 /var/www/public/index.php(55): Illuminate\\Foundation\\Http\\Kernel->handle(Object(Illuminate\\Http\\Request))
#56 {main}
"} 
[2019-10-21 00:17:01] local.ERROR: Header may not contain more than a single header, new line detected {"exception":"[object] (ErrorException(code: 0): Header may not contain more than a single header, new line detected at /var/www/vendor/symfony/http-foundation/Response.php:341)
[stacktrace]
#0 [internal function]: Illuminate\\Foundation\\Bootstrap\\HandleExceptions->handleError(2, 'Header may not ...', '/var/www/vendor...', 341, Array)
#1 /var/www/vendor/symfony/http-foundation/Response.php(341): header('Location: http:...', false, 302)
#2 /var/www/vendor/symfony/http-foundation/Response.php(375): Symfony\\Component\\HttpFoundation\\Response->sendHeaders()
#3 /var/www/public/index.php(58): Symfony\\Component\\HttpFoundation\\Response->send()
#4 {main}
"} 
[2019-10-21 00:17:07] local.ERROR: Header may not contain more than a single header, new line detected {"exception":"[object] (ErrorException(code: 0): Header may not contain more than a single header, new line detected at /var/www/vendor/symfony/http-foundation/Response.php:341)
[stacktrace]
#0 [internal function]: Illuminate\\Foundation\\Bootstrap\\HandleExceptions->handleError(2, 'Header may not ...', '/var/www/vendor...', 341, Array)
#1 /var/www/vendor/symfony/http-foundation/Response.php(341): header('Location: http:...', false, 302)
#2 /var/www/vendor/symfony/http-foundation/Response.php(375): Symfony\\Component\\HttpFoundation\\Response->sendHeaders()
#3 /var/www/public/index.php(58): Symfony\\Component\\HttpFoundation\\Response->send()
#4 {main}
"} 
[2019-10-21 00:18:10] local.ERROR: Header may not contain more than a single header, new line detected {"exception":"[object] (ErrorException(code: 0): Header may not contain more than a single header, new line detected at /var/www/vendor/symfony/http-foundation/Response.php:341)
[stacktrace]
#0 [internal function]: Illuminate\\Foundation\\Bootstrap\\HandleExceptions->handleError(2, 'Header may not ...', '/var/www/vendor...', 341, Array)
#1 /var/www/vendor/symfony/http-foundation/Response.php(341): header('Location: http:...', false, 302)
#2 /var/www/vendor/symfony/http-foundation/Response.php(375): Symfony\\Component\\HttpFoundation\\Response->sendHeaders()
#3 /var/www/public/index.php(58): Symfony\\Component\\HttpFoundation\\Response->send()
#4 {main}
"} 
[2019-10-21 00:20:33] local.ERROR: Header may not contain more than a single header, new line detected {"exception":"[object] (ErrorException(code: 0): Header may not contain more than a single header, new line detected at /var/www/vendor/symfony/http-foundation/Response.php:341)
[stacktrace]
#0 [internal function]: Illuminate\\Foundation\\Bootstrap\\HandleExceptions->handleError(2, 'Header may not ...', '/var/www/vendor...', 341, Array)
#1 /var/www/vendor/symfony/http-foundation/Response.php(341): header('Location: http:...', false, 302)
#2 /var/www/vendor/symfony/http-foundation/Response.php(375): Symfony\\Component\\HttpFoundation\\Response->sendHeaders()
#3 /var/www/public/index.php(58): Symfony\\Component\\HttpFoundation\\Response->send()
#4 {main}
"} 
[2019-10-21 00:23:03] local.ERROR: Header may not contain more than a single header, new line detected {"exception":"[object] (ErrorException(code: 0): Header may not contain more than a single header, new line detected at /var/www/vendor/symfony/http-foundation/Response.php:341)
[stacktrace]
#0 [internal function]: Illuminate\\Foundation\\Bootstrap\\HandleExceptions->handleError(2, 'Header may not ...', '/var/www/vendor...', 341, Array)
#1 /var/www/vendor/symfony/http-foundation/Response.php(341): header('Location: http:...', false, 302)
#2 /var/www/vendor/symfony/http-foundation/Response.php(375): Symfony\\Component\\HttpFoundation\\Response->sendHeaders()
#3 /var/www/public/index.php(58): Symfony\\Component\\HttpFoundation\\Response->send()
#4 {main}
"} 
[2019-10-21 00:23:19] local.ERROR: Header may not contain more than a single header, new line detected {"exception":"[object] (ErrorException(code: 0): Header may not contain more than a single header, new line detected at /var/www/vendor/symfony/http-foundation/Response.php:341)
[stacktrace]
#0 [internal function]: Illuminate\\Foundation\\Bootstrap\\HandleExceptions->handleError(2, 'Header may not ...', '/var/www/vendor...', 341, Array)
#1 /var/www/vendor/symfony/http-foundation/Response.php(341): header('Location: http:...', false, 302)
#2 /var/www/vendor/symfony/http-foundation/Response.php(375): Symfony\\Component\\HttpFoundation\\Response->sendHeaders()
#3 /var/www/public/index.php(58): Symfony\\Component\\HttpFoundation\\Response->send()
#4 {main}
"} 
[2019-10-21 00:23:55] local.ERROR: Header may not contain more than a single header, new line detected {"exception":"[object] (ErrorException(code: 0): Header may not contain more than a single header, new line detected at /var/www/vendor/symfony/http-foundation/Response.php:341)
[stacktrace]
#0 [internal function]: Illuminate\\Foundation\\Bootstrap\\HandleExceptions->handleError(2, 'Header may not ...', '/var/www/vendor...', 341, Array)
#1 /var/www/vendor/symfony/http-foundation/Response.php(341): header('Location: http:...', false, 302)
#2 /var/www/vendor/symfony/http-foundation/Response.php(375): Symfony\\Component\\HttpFoundation\\Response->sendHeaders()
#3 /var/www/public/index.php(58): Symfony\\Component\\HttpFoundation\\Response->send()
#4 {main}
"} 
[2019-10-21 00:23:56] local.ERROR: Header may not contain more than a single header, new line detected {"exception":"[object] (ErrorException(code: 0): Header may not contain more than a single header, new line detected at /var/www/vendor/symfony/http-foundation/Response.php:341)
[stacktrace]
#0 [internal function]: Illuminate\\Foundation\\Bootstrap\\HandleExceptions->handleError(2, 'Header may not ...', '/var/www/vendor...', 341, Array)
#1 /var/www/vendor/symfony/http-foundation/Response.php(341): header('Location: http:...', false, 302)
#2 /var/www/vendor/symfony/http-foundation/Response.php(375): Symfony\\Component\\HttpFoundation\\Response->sendHeaders()
#3 /var/www/public/index.php(58): Symfony\\Component\\HttpFoundation\\Response->send()
#4 {main}
"} 
[2019-10-21 00:23:56] local.ERROR: Header may not contain more than a single header, new line detected {"exception":"[object] (ErrorException(code: 0): Header may not contain more than a single header, new line detected at /var/www/vendor/symfony/http-foundation/Response.php:341)
[stacktrace]
#0 [internal function]: Illuminate\\Foundation\\Bootstrap\\HandleExceptions->handleError(2, 'Header may not ...', '/var/www/vendor...', 341, Array)
#1 /var/www/vendor/symfony/http-foundation/Response.php(341): header('Location: http:...', false, 302)
#2 /var/www/vendor/symfony/http-foundation/Response.php(375): Symfony\\Component\\HttpFoundation\\Response->sendHeaders()
#3 /var/www/public/index.php(58): Symfony\\Component\\HttpFoundation\\Response->send()
#4 {main}
"} 
[2019-10-21 00:24:09] local.ERROR: Header may not contain more than a single header, new line detected {"exception":"[object] (ErrorException(code: 0): Header may not contain more than a single header, new line detected at /var/www/vendor/symfony/http-foundation/Response.php:341)
[stacktrace]
#0 [internal function]: Illuminate\\Foundation\\Bootstrap\\HandleExceptions->handleError(2, 'Header may not ...', '/var/www/vendor...', 341, Array)
#1 /var/www/vendor/symfony/http-foundation/Response.php(341): header('Location: http:...', false, 302)
#2 /var/www/vendor/symfony/http-foundation/Response.php(375): Symfony\\Component\\HttpFoundation\\Response->sendHeaders()
#3 /var/www/public/index.php(58): Symfony\\Component\\HttpFoundation\\Response->send()
#4 {main}
"} 
[2019-10-21 00:31:00] local.ERROR: Header may not contain more than a single header, new line detected {"exception":"[object] (ErrorException(code: 0): Header may not contain more than a single header, new line detected at /var/www/vendor/symfony/http-foundation/Response.php:341)
[stacktrace]
#0 [internal function]: Illuminate\\Foundation\\Bootstrap\\HandleExceptions->handleError(2, 'Header may not ...', '/var/www/vendor...', 341, Array)
#1 /var/www/vendor/symfony/http-foundation/Response.php(341): header('Location: http:...', false, 302)
#2 /var/www/vendor/symfony/http-foundation/Response.php(375): Symfony\\Component\\HttpFoundation\\Response->sendHeaders()
#3 /var/www/public/index.php(58): Symfony\\Component\\HttpFoundation\\Response->send()
#4 {main}
"} 
[2019-10-21 00:31:00] local.ERROR: Header may not contain more than a single header, new line detected {"exception":"[object] (ErrorException(code: 0): Header may not contain more than a single header, new line detected at /var/www/vendor/symfony/http-foundation/Response.php:341)
[stacktrace]
#0 [internal function]: Illuminate\\Foundation\\Bootstrap\\HandleExceptions->handleError(2, 'Header may not ...', '/var/www/vendor...', 341, Array)
#1 /var/www/vendor/symfony/http-foundation/Response.php(341): header('Location: http:...', false, 302)
#2 /var/www/vendor/symfony/http-foundation/Response.php(375): Symfony\\Component\\HttpFoundation\\Response->sendHeaders()
#3 /var/www/public/index.php(58): Symfony\\Component\\HttpFoundation\\Response->send()
#4 {main}
"} 
[2019-10-21 00:31:00] local.ERROR: Header may not contain more than a single header, new line detected {"exception":"[object] (ErrorException(code: 0): Header may not contain more than a single header, new line detected at /var/www/vendor/symfony/http-foundation/Response.php:341)
[stacktrace]
#0 [internal function]: Illuminate\\Foundation\\Bootstrap\\HandleExceptions->handleError(2, 'Header may not ...', '/var/www/vendor...', 341, Array)
#1 /var/www/vendor/symfony/http-foundation/Response.php(341): header('Location: http:...', false, 302)
#2 /var/www/vendor/symfony/http-foundation/Response.php(375): Symfony\\Component\\HttpFoundation\\Response->sendHeaders()
#3 /var/www/public/index.php(58): Symfony\\Component\\HttpFoundation\\Response->send()
#4 {main}
"} 
[2019-10-21 00:32:19] local.ERROR: Header may not contain more than a single header, new line detected {"exception":"[object] (ErrorException(code: 0): Header may not contain more than a single header, new line detected at /var/www/vendor/symfony/http-foundation/Response.php:341)
[stacktrace]
#0 [internal function]: Illuminate\\Foundation\\Bootstrap\\HandleExceptions->handleError(2, 'Header may not ...', '/var/www/vendor...', 341, Array)
#1 /var/www/vendor/symfony/http-foundation/Response.php(341): header('Location: http:...', false, 302)
#2 /var/www/vendor/symfony/http-foundation/Response.php(375): Symfony\\Component\\HttpFoundation\\Response->sendHeaders()
#3 /var/www/public/index.php(58): Symfony\\Component\\HttpFoundation\\Response->send()
#4 {main}
"} 
[2019-10-21 00:32:19] local.ERROR: Header may not contain more than a single header, new line detected {"exception":"[object] (ErrorException(code: 0): Header may not contain more than a single header, new line detected at /var/www/vendor/symfony/http-foundation/Response.php:341)
[stacktrace]
#0 [internal function]: Illuminate\\Foundation\\Bootstrap\\HandleExceptions->handleError(2, 'Header may not ...', '/var/www/vendor...', 341, Array)
#1 /var/www/vendor/symfony/http-foundation/Response.php(341): header('Location: http:...', false, 302)
#2 /var/www/vendor/symfony/http-foundation/Response.php(375): Symfony\\Component\\HttpFoundation\\Response->sendHeaders()
#3 /var/www/public/index.php(58): Symfony\\Component\\HttpFoundation\\Response->send()
#4 {main}
"} 
[2019-10-21 00:32:19] local.ERROR: Header may not contain more than a single header, new line detected {"exception":"[object] (ErrorException(code: 0): Header may not contain more than a single header, new line detected at /var/www/vendor/symfony/http-foundation/Response.php:341)
[stacktrace]
#0 [internal function]: Illuminate\\Foundation\\Bootstrap\\HandleExceptions->handleError(2, 'Header may not ...', '/var/www/vendor...', 341, Array)
#1 /var/www/vendor/symfony/http-foundation/Response.php(341): header('Location: http:...', false, 302)
#2 /var/www/vendor/symfony/http-foundation/Response.php(375): Symfony\\Component\\HttpFoundation\\Response->sendHeaders()
#3 /var/www/public/index.php(58): Symfony\\Component\\HttpFoundation\\Response->send()
#4 {main}
"} 
[2019-10-21 00:32:41] local.ERROR: Header may not contain more than a single header, new line detected {"exception":"[object] (ErrorException(code: 0): Header may not contain more than a single header, new line detected at /var/www/vendor/symfony/http-foundation/Response.php:341)
[stacktrace]
#0 [internal function]: Illuminate\\Foundation\\Bootstrap\\HandleExceptions->handleError(2, 'Header may not ...', '/var/www/vendor...', 341, Array)
#1 /var/www/vendor/symfony/http-foundation/Response.php(341): header('Location: http:...', false, 302)
#2 /var/www/vendor/symfony/http-foundation/Response.php(375): Symfony\\Component\\HttpFoundation\\Response->sendHeaders()
#3 /var/www/public/index.php(58): Symfony\\Component\\HttpFoundation\\Response->send()
#4 {main}
"} 
[2019-10-21 00:32:41] local.ERROR: Header may not contain more than a single header, new line detected {"exception":"[object] (ErrorException(code: 0): Header may not contain more than a single header, new line detected at /var/www/vendor/symfony/http-foundation/Response.php:341)
[stacktrace]
#0 [internal function]: Illuminate\\Foundation\\Bootstrap\\HandleExceptions->handleError(2, 'Header may not ...', '/var/www/vendor...', 341, Array)
#1 /var/www/vendor/symfony/http-foundation/Response.php(341): header('Location: http:...', false, 302)
#2 /var/www/vendor/symfony/http-foundation/Response.php(375): Symfony\\Component\\HttpFoundation\\Response->sendHeaders()
#3 /var/www/public/index.php(58): Symfony\\Component\\HttpFoundation\\Response->send()
#4 {main}
"} 
[2019-10-21 00:32:41] local.ERROR: Header may not contain more than a single header, new line detected {"exception":"[object] (ErrorException(code: 0): Header may not contain more than a single header, new line detected at /var/www/vendor/symfony/http-foundation/Response.php:341)
[stacktrace]
#0 [internal function]: Illuminate\\Foundation\\Bootstrap\\HandleExceptions->handleError(2, 'Header may not ...', '/var/www/vendor...', 341, Array)
#1 /var/www/vendor/symfony/http-foundation/Response.php(341): header('Location: http:...', false, 302)
#2 /var/www/vendor/symfony/http-foundation/Response.php(375): Symfony\\Component\\HttpFoundation\\Response->sendHeaders()
#3 /var/www/public/index.php(58): Symfony\\Component\\HttpFoundation\\Response->send()
#4 {main}
"} 
[2019-10-21 00:32:42] local.ERROR: Header may not contain more than a single header, new line detected {"exception":"[object] (ErrorException(code: 0): Header may not contain more than a single header, new line detected at /var/www/vendor/symfony/http-foundation/Response.php:341)
[stacktrace]
#0 [internal function]: Illuminate\\Foundation\\Bootstrap\\HandleExceptions->handleError(2, 'Header may not ...', '/var/www/vendor...', 341, Array)
#1 /var/www/vendor/symfony/http-foundation/Response.php(341): header('Location: http:...', false, 302)
#2 /var/www/vendor/symfony/http-foundation/Response.php(375): Symfony\\Component\\HttpFoundation\\Response->sendHeaders()
#3 /var/www/public/index.php(58): Symfony\\Component\\HttpFoundation\\Response->send()
#4 {main}
"} 
[2019-10-21 00:32:44] local.ERROR: Header may not contain more than a single header, new line detected {"exception":"[object] (ErrorException(code: 0): Header may not contain more than a single header, new line detected at /var/www/vendor/symfony/http-foundation/Response.php:341)
[stacktrace]
#0 [internal function]: Illuminate\\Foundation\\Bootstrap\\HandleExceptions->handleError(2, 'Header may not ...', '/var/www/vendor...', 341, Array)
#1 /var/www/vendor/symfony/http-foundation/Response.php(341): header('Location: http:...', false, 302)
#2 /var/www/vendor/symfony/http-foundation/Response.php(375): Symfony\\Component\\HttpFoundation\\Response->sendHeaders()
#3 /var/www/public/index.php(58): Symfony\\Component\\HttpFoundation\\Response->send()
#4 {main}
"} 
[2019-10-21 00:45:20] local.ERROR: Header may not contain more than a single header, new line detected {"exception":"[object] (ErrorException(code: 0): Header may not contain more than a single header, new line detected at /var/www/vendor/symfony/http-foundation/Response.php:341)
[stacktrace]
#0 [internal function]: Illuminate\\Foundation\\Bootstrap\\HandleExceptions->handleError(2, 'Header may not ...', '/var/www/vendor...', 341, Array)
#1 /var/www/vendor/symfony/http-foundation/Response.php(341): header('Location: http:...', false, 302)
#2 /var/www/vendor/symfony/http-foundation/Response.php(375): Symfony\\Component\\HttpFoundation\\Response->sendHeaders()
#3 /var/www/public/index.php(58): Symfony\\Component\\HttpFoundation\\Response->send()
#4 {main}
"} 
[2019-10-21 00:45:21] local.ERROR: Header may not contain more than a single header, new line detected {"exception":"[object] (ErrorException(code: 0): Header may not contain more than a single header, new line detected at /var/www/vendor/symfony/http-foundation/Response.php:341)
[stacktrace]
#0 [internal function]: Illuminate\\Foundation\\Bootstrap\\HandleExceptions->handleError(2, 'Header may not ...', '/var/www/vendor...', 341, Array)
#1 /var/www/vendor/symfony/http-foundation/Response.php(341): header('Location: http:...', false, 302)
#2 /var/www/vendor/symfony/http-foundation/Response.php(375): Symfony\\Component\\HttpFoundation\\Response->sendHeaders()
#3 /var/www/public/index.php(58): Symfony\\Component\\HttpFoundation\\Response->send()
#4 {main}
"} 
[2019-10-21 00:45:21] local.ERROR: Header may not contain more than a single header, new line detected {"exception":"[object] (ErrorException(code: 0): Header may not contain more than a single header, new line detected at /var/www/vendor/symfony/http-foundation/Response.php:341)
[stacktrace]
#0 [internal function]: Illuminate\\Foundation\\Bootstrap\\HandleExceptions->handleError(2, 'Header may not ...', '/var/www/vendor...', 341, Array)
#1 /var/www/vendor/symfony/http-foundation/Response.php(341): header('Location: http:...', false, 302)
#2 /var/www/vendor/symfony/http-foundation/Response.php(375): Symfony\\Component\\HttpFoundation\\Response->sendHeaders()
#3 /var/www/public/index.php(58): Symfony\\Component\\HttpFoundation\\Response->send()
#4 {main}
"} 
[2019-10-21 00:45:21] local.ERROR: Header may not contain more than a single header, new line detected {"exception":"[object] (ErrorException(code: 0): Header may not contain more than a single header, new line detected at /var/www/vendor/symfony/http-foundation/Response.php:341)
[stacktrace]
#0 [internal function]: Illuminate\\Foundation\\Bootstrap\\HandleExceptions->handleError(2, 'Header may not ...', '/var/www/vendor...', 341, Array)
#1 /var/www/vendor/symfony/http-foundation/Response.php(341): header('Location: http:...', false, 302)
#2 /var/www/vendor/symfony/http-foundation/Response.php(375): Symfony\\Component\\HttpFoundation\\Response->sendHeaders()
#3 /var/www/public/index.php(58): Symfony\\Component\\HttpFoundation\\Response->send()
#4 {main}
"} 
[2019-10-21 00:45:21] local.ERROR: Header may not contain more than a single header, new line detected {"exception":"[object] (ErrorException(code: 0): Header may not contain more than a single header, new line detected at /var/www/vendor/symfony/http-foundation/Response.php:341)
[stacktrace]
#0 [internal function]: Illuminate\\Foundation\\Bootstrap\\HandleExceptions->handleError(2, 'Header may not ...', '/var/www/vendor...', 341, Array)
#1 /var/www/vendor/symfony/http-foundation/Response.php(341): header('Location: http:...', false, 302)
#2 /var/www/vendor/symfony/http-foundation/Response.php(375): Symfony\\Component\\HttpFoundation\\Response->sendHeaders()
#3 /var/www/public/index.php(58): Symfony\\Component\\HttpFoundation\\Response->send()
#4 {main}
"} 
[2019-10-21 00:45:21] local.ERROR: Header may not contain more than a single header, new line detected {"exception":"[object] (ErrorException(code: 0): Header may not contain more than a single header, new line detected at /var/www/vendor/symfony/http-foundation/Response.php:341)
[stacktrace]
#0 [internal function]: Illuminate\\Foundation\\Bootstrap\\HandleExceptions->handleError(2, 'Header may not ...', '/var/www/vendor...', 341, Array)
#1 /var/www/vendor/symfony/http-foundation/Response.php(341): header('Location: http:...', false, 302)
#2 /var/www/vendor/symfony/http-foundation/Response.php(375): Symfony\\Component\\HttpFoundation\\Response->sendHeaders()
#3 /var/www/public/index.php(58): Symfony\\Component\\HttpFoundation\\Response->send()
#4 {main}
"} 
[2019-10-21 00:45:21] local.ERROR: Header may not contain more than a single header, new line detected {"exception":"[object] (ErrorException(code: 0): Header may not contain more than a single header, new line detected at /var/www/vendor/symfony/http-foundation/Response.php:341)
[stacktrace]
#0 [internal function]: Illuminate\\Foundation\\Bootstrap\\HandleExceptions->handleError(2, 'Header may not ...', '/var/www/vendor...', 341, Array)
#1 /var/www/vendor/symfony/http-foundation/Response.php(341): header('Location: http:...', false, 302)
#2 /var/www/vendor/symfony/http-foundation/Response.php(375): Symfony\\Component\\HttpFoundation\\Response->sendHeaders()
#3 /var/www/public/index.php(58): Symfony\\Component\\HttpFoundation\\Response->send()
#4 {main}
"} 
[2019-10-21 00:45:22] local.ERROR: Header may not contain more than a single header, new line detected {"exception":"[object] (ErrorException(code: 0): Header may not contain more than a single header, new line detected at /var/www/vendor/symfony/http-foundation/Response.php:341)
[stacktrace]
#0 [internal function]: Illuminate\\Foundation\\Bootstrap\\HandleExceptions->handleError(2, 'Header may not ...', '/var/www/vendor...', 341, Array)
#1 /var/www/vendor/symfony/http-foundation/Response.php(341): header('Location: http:...', false, 302)
#2 /var/www/vendor/symfony/http-foundation/Response.php(375): Symfony\\Component\\HttpFoundation\\Response->sendHeaders()
#3 /var/www/public/index.php(58): Symfony\\Component\\HttpFoundation\\Response->send()
#4 {main}
"} 
[2019-10-21 00:45:22] local.ERROR: Header may not contain more than a single header, new line detected {"exception":"[object] (ErrorException(code: 0): Header may not contain more than a single header, new line detected at /var/www/vendor/symfony/http-foundation/Response.php:341)
[stacktrace]
#0 [internal function]: Illuminate\\Foundation\\Bootstrap\\HandleExceptions->handleError(2, 'Header may not ...', '/var/www/vendor...', 341, Array)
#1 /var/www/vendor/symfony/http-foundation/Response.php(341): header('Location: http:...', false, 302)
#2 /var/www/vendor/symfony/http-foundation/Response.php(375): Symfony\\Component\\HttpFoundation\\Response->sendHeaders()
#3 /var/www/public/index.php(58): Symfony\\Component\\HttpFoundation\\Response->send()
#4 {main}
"} 
[2019-10-21 00:46:14] local.ERROR: Header may not contain more than a single header, new line detected {"exception":"[object] (ErrorException(code: 0): Header may not contain more than a single header, new line detected at /var/www/vendor/symfony/http-foundation/Response.php:341)
[stacktrace]
#0 [internal function]: Illuminate\\Foundation\\Bootstrap\\HandleExceptions->handleError(2, 'Header may not ...', '/var/www/vendor...', 341, Array)
#1 /var/www/vendor/symfony/http-foundation/Response.php(341): header('Location: http:...', false, 302)
#2 /var/www/vendor/symfony/http-foundation/Response.php(375): Symfony\\Component\\HttpFoundation\\Response->sendHeaders()
#3 /var/www/public/index.php(58): Symfony\\Component\\HttpFoundation\\Response->send()
#4 {main}
"} 
[2019-10-21 00:46:15] local.ERROR: Header may not contain more than a single header, new line detected {"exception":"[object] (ErrorException(code: 0): Header may not contain more than a single header, new line detected at /var/www/vendor/symfony/http-foundation/Response.php:341)
[stacktrace]
#0 [internal function]: Illuminate\\Foundation\\Bootstrap\\HandleExceptions->handleError(2, 'Header may not ...', '/var/www/vendor...', 341, Array)
#1 /var/www/vendor/symfony/http-foundation/Response.php(341): header('Location: http:...', false, 302)
#2 /var/www/vendor/symfony/http-foundation/Response.php(375): Symfony\\Component\\HttpFoundation\\Response->sendHeaders()
#3 /var/www/public/index.php(58): Symfony\\Component\\HttpFoundation\\Response->send()
#4 {main}
"} 
[2019-10-21 00:46:49] local.ERROR: Header may not contain more than a single header, new line detected {"exception":"[object] (ErrorException(code: 0): Header may not contain more than a single header, new line detected at /var/www/vendor/symfony/http-foundation/Response.php:341)
[stacktrace]
#0 [internal function]: Illuminate\\Foundation\\Bootstrap\\HandleExceptions->handleError(2, 'Header may not ...', '/var/www/vendor...', 341, Array)
#1 /var/www/vendor/symfony/http-foundation/Response.php(341): header('Location: http:...', false, 302)
#2 /var/www/vendor/symfony/http-foundation/Response.php(375): Symfony\\Component\\HttpFoundation\\Response->sendHeaders()
#3 /var/www/public/index.php(58): Symfony\\Component\\HttpFoundation\\Response->send()
#4 {main}
"} 
[2019-10-21 00:48:06] local.ERROR: Header may not contain more than a single header, new line detected {"exception":"[object] (ErrorException(code: 0): Header may not contain more than a single header, new line detected at /var/www/vendor/symfony/http-foundation/Response.php:341)
[stacktrace]
#0 [internal function]: Illuminate\\Foundation\\Bootstrap\\HandleExceptions->handleError(2, 'Header may not ...', '/var/www/vendor...', 341, Array)
#1 /var/www/vendor/symfony/http-foundation/Response.php(341): header('Location: http:...', false, 302)
#2 /var/www/vendor/symfony/http-foundation/Response.php(375): Symfony\\Component\\HttpFoundation\\Response->sendHeaders()
#3 /var/www/public/index.php(58): Symfony\\Component\\HttpFoundation\\Response->send()
#4 {main}
"} 
[2019-10-21 00:48:48] local.ERROR: Header may not contain more than a single header, new line detected {"exception":"[object] (ErrorException(code: 0): Header may not contain more than a single header, new line detected at /var/www/vendor/symfony/http-foundation/Response.php:341)
[stacktrace]
#0 [internal function]: Illuminate\\Foundation\\Bootstrap\\HandleExceptions->handleError(2, 'Header may not ...', '/var/www/vendor...', 341, Array)
#1 /var/www/vendor/symfony/http-foundation/Response.php(341): header('Location: http:...', false, 302)
#2 /var/www/vendor/symfony/http-foundation/Response.php(375): Symfony\\Component\\HttpFoundation\\Response->sendHeaders()
#3 /var/www/public/index.php(58): Symfony\\Component\\HttpFoundation\\Response->send()
#4 {main}
"} 
[2019-10-21 00:48:49] local.ERROR: Header may not contain more than a single header, new line detected {"exception":"[object] (ErrorException(code: 0): Header may not contain more than a single header, new line detected at /var/www/vendor/symfony/http-foundation/Response.php:341)
[stacktrace]
#0 [internal function]: Illuminate\\Foundation\\Bootstrap\\HandleExceptions->handleError(2, 'Header may not ...', '/var/www/vendor...', 341, Array)
#1 /var/www/vendor/symfony/http-foundation/Response.php(341): header('Location: http:...', false, 302)
#2 /var/www/vendor/symfony/http-foundation/Response.php(375): Symfony\\Component\\HttpFoundation\\Response->sendHeaders()
#3 /var/www/public/index.php(58): Symfony\\Component\\HttpFoundation\\Response->send()
#4 {main}
"} 
[2019-10-21 00:48:49] local.ERROR: Header may not contain more than a single header, new line detected {"exception":"[object] (ErrorException(code: 0): Header may not contain more than a single header, new line detected at /var/www/vendor/symfony/http-foundation/Response.php:341)
[stacktrace]
#0 [internal function]: Illuminate\\Foundation\\Bootstrap\\HandleExceptions->handleError(2, 'Header may not ...', '/var/www/vendor...', 341, Array)
#1 /var/www/vendor/symfony/http-foundation/Response.php(341): header('Location: http:...', false, 302)
#2 /var/www/vendor/symfony/http-foundation/Response.php(375): Symfony\\Component\\HttpFoundation\\Response->sendHeaders()
#3 /var/www/public/index.php(58): Symfony\\Component\\HttpFoundation\\Response->send()
#4 {main}
"} 
[2019-10-21 00:48:49] local.ERROR: Header may not contain more than a single header, new line detected {"exception":"[object] (ErrorException(code: 0): Header may not contain more than a single header, new line detected at /var/www/vendor/symfony/http-foundation/Response.php:341)
[stacktrace]
#0 [internal function]: Illuminate\\Foundation\\Bootstrap\\HandleExceptions->handleError(2, 'Header may not ...', '/var/www/vendor...', 341, Array)
#1 /var/www/vendor/symfony/http-foundation/Response.php(341): header('Location: http:...', false, 302)
#2 /var/www/vendor/symfony/http-foundation/Response.php(375): Symfony\\Component\\HttpFoundation\\Response->sendHeaders()
#3 /var/www/public/index.php(58): Symfony\\Component\\HttpFoundation\\Response->send()
#4 {main}
"} 
[2019-10-21 01:05:45] local.ERROR: Header may not contain more than a single header, new line detected {"exception":"[object] (ErrorException(code: 0): Header may not contain more than a single header, new line detected at /var/www/vendor/symfony/http-foundation/Response.php:341)
[stacktrace]
#0 [internal function]: Illuminate\\Foundation\\Bootstrap\\HandleExceptions->handleError(2, 'Header may not ...', '/var/www/vendor...', 341, Array)
#1 /var/www/vendor/symfony/http-foundation/Response.php(341): header('Location: http:...', false, 302)
#2 /var/www/vendor/symfony/http-foundation/Response.php(375): Symfony\\Component\\HttpFoundation\\Response->sendHeaders()
#3 /var/www/public/index.php(58): Symfony\\Component\\HttpFoundation\\Response->send()
#4 {main}
"} 
[2019-10-21 02:09:39] local.ERROR: Header may not contain more than a single header, new line detected {"exception":"[object] (ErrorException(code: 0): Header may not contain more than a single header, new line detected at /var/www/vendor/symfony/http-foundation/Response.php:341)
[stacktrace]
#0 [internal function]: Illuminate\\Foundation\\Bootstrap\\HandleExceptions->handleError(2, 'Header may not ...', '/var/www/vendor...', 341, Array)
#1 /var/www/vendor/symfony/http-foundation/Response.php(341): header('Location: http:...', false, 302)
#2 /var/www/vendor/symfony/http-foundation/Response.php(375): Symfony\\Component\\HttpFoundation\\Response->sendHeaders()
#3 /var/www/public/index.php(58): Symfony\\Component\\HttpFoundation\\Response->send()
#4 {main}
"} 
[2019-10-21 02:14:46] local.ERROR: Declaration of App\Http\Middleware\Authenticate::handle($request, App\Http\Middleware\Closure $next, ...$guards) should be compatible with Illuminate\Auth\Middleware\Authenticate::handle($request, Closure $next, ...$guards) {"exception":"[object] (ErrorException(code: 0): Declaration of App\\Http\\Middleware\\Authenticate::handle($request, App\\Http\\Middleware\\Closure $next, ...$guards) should be compatible with Illuminate\\Auth\\Middleware\\Authenticate::handle($request, Closure $next, ...$guards) at /var/www/app/Http/Middleware/Authenticate.php:7)
[stacktrace]
#0 /var/www/app/Http/Middleware/Authenticate.php(7): Illuminate\\Foundation\\Bootstrap\\HandleExceptions->handleError(2, 'Declaration of ...', '/var/www/app/Ht...', 7, Array)
#1 /var/www/vendor/composer/ClassLoader.php(444): include('/var/www/app/Ht...')
#2 /var/www/vendor/composer/ClassLoader.php(322): Composer\\Autoload\\includeFile('/var/www/vendor...')
#3 [internal function]: Composer\\Autoload\\ClassLoader->loadClass('App\\\\Http\\\\Middle...')
#4 [internal function]: spl_autoload_call('App\\\\Http\\\\Middle...')
#5 /var/www/vendor/laravel/framework/src/Illuminate/Container/Container.php(788): ReflectionClass->__construct('App\\\\Http\\\\Middle...')
#6 /var/www/vendor/laravel/framework/src/Illuminate/Container/Container.php(667): Illuminate\\Container\\Container->build('App\\\\Http\\\\Middle...')
#7 /var/www/vendor/laravel/framework/src/Illuminate/Container/Container.php(615): Illuminate\\Container\\Container->resolve('App\\\\Http\\\\Middle...', Array)
#8 /var/www/vendor/laravel/framework/src/Illuminate/Foundation/Application.php(767): Illuminate\\Container\\Container->make('App\\\\Http\\\\Middle...', Array)
#9 /var/www/vendor/laravel/framework/src/Illuminate/Pipeline/Pipeline.php(152): Illuminate\\Foundation\\Application->make('App\\\\Http\\\\Middle...')
#10 /var/www/vendor/laravel/framework/src/Illuminate/Routing/Pipeline.php(53): Illuminate\\Pipeline\\Pipeline->Illuminate\\Pipeline\\{closure}(Object(Illuminate\\Http\\Request))
#11 /var/www/vendor/laravel/framework/src/Illuminate/Foundation/Http/Middleware/VerifyCsrfToken.php(75): Illuminate\\Routing\\Pipeline->Illuminate\\Routing\\{closure}(Object(Illuminate\\Http\\Request))
#12 /var/www/vendor/laravel/framework/src/Illuminate/Pipeline/Pipeline.php(163): Illuminate\\Foundation\\Http\\Middleware\\VerifyCsrfToken->handle(Object(Illuminate\\Http\\Request), Object(Closure))
#13 /var/www/vendor/laravel/framework/src/Illuminate/Routing/Pipeline.php(53): Illuminate\\Pipeline\\Pipeline->Illuminate\\Pipeline\\{closure}(Object(Illuminate\\Http\\Request))
#14 /var/www/vendor/laravel/framework/src/Illuminate/View/Middleware/ShareErrorsFromSession.php(49): Illuminate\\Routing\\Pipeline->Illuminate\\Routing\\{closure}(Object(Illuminate\\Http\\Request))
#15 /var/www/vendor/laravel/framework/src/Illuminate/Pipeline/Pipeline.php(163): Illuminate\\View\\Middleware\\ShareErrorsFromSession->handle(Object(Illuminate\\Http\\Request), Object(Closure))
#16 /var/www/vendor/laravel/framework/src/Illuminate/Routing/Pipeline.php(53): Illuminate\\Pipeline\\Pipeline->Illuminate\\Pipeline\\{closure}(Object(Illuminate\\Http\\Request))
#17 /var/www/vendor/laravel/framework/src/Illuminate/Session/Middleware/StartSession.php(56): Illuminate\\Routing\\Pipeline->Illuminate\\Routing\\{closure}(Object(Illuminate\\Http\\Request))
#18 /var/www/vendor/laravel/framework/src/Illuminate/Pipeline/Pipeline.php(163): Illuminate\\Session\\Middleware\\StartSession->handle(Object(Illuminate\\Http\\Request), Object(Closure))
#19 /var/www/vendor/laravel/framework/src/Illuminate/Routing/Pipeline.php(53): Illuminate\\Pipeline\\Pipeline->Illuminate\\Pipeline\\{closure}(Object(Illuminate\\Http\\Request))
#20 /var/www/vendor/laravel/framework/src/Illuminate/Cookie/Middleware/AddQueuedCookiesToResponse.php(37): Illuminate\\Routing\\Pipeline->Illuminate\\Routing\\{closure}(Object(Illuminate\\Http\\Request))
#21 /var/www/vendor/laravel/framework/src/Illuminate/Pipeline/Pipeline.php(163): Illuminate\\Cookie\\Middleware\\AddQueuedCookiesToResponse->handle(Object(Illuminate\\Http\\Request), Object(Closure))
#22 /var/www/vendor/laravel/framework/src/Illuminate/Routing/Pipeline.php(53): Illuminate\\Pipeline\\Pipeline->Illuminate\\Pipeline\\{closure}(Object(Illuminate\\Http\\Request))
#23 /var/www/vendor/laravel/framework/src/Illuminate/Cookie/Middleware/EncryptCookies.php(66): Illuminate\\Routing\\Pipeline->Illuminate\\Routing\\{closure}(Object(Illuminate\\Http\\Request))
#24 /var/www/vendor/laravel/framework/src/Illuminate/Pipeline/Pipeline.php(163): Illuminate\\Cookie\\Middleware\\EncryptCookies->handle(Object(Illuminate\\Http\\Request), Object(Closure))
#25 /var/www/vendor/laravel/framework/src/Illuminate/Routing/Pipeline.php(53): Illuminate\\Pipeline\\Pipeline->Illuminate\\Pipeline\\{closure}(Object(Illuminate\\Http\\Request))
#26 /var/www/vendor/laravel/framework/src/Illuminate/Pipeline/Pipeline.php(104): Illuminate\\Routing\\Pipeline->Illuminate\\Routing\\{closure}(Object(Illuminate\\Http\\Request))
#27 /var/www/vendor/laravel/framework/src/Illuminate/Routing/Router.php(682): Illuminate\\Pipeline\\Pipeline->then(Object(Closure))
#28 /var/www/vendor/laravel/framework/src/Illuminate/Routing/Router.php(657): Illuminate\\Routing\\Router->runRouteWithinStack(Object(Illuminate\\Routing\\Route), Object(Illuminate\\Http\\Request))
#29 /var/www/vendor/laravel/framework/src/Illuminate/Routing/Router.php(623): Illuminate\\Routing\\Router->runRoute(Object(Illuminate\\Http\\Request), Object(Illuminate\\Routing\\Route))
#30 /var/www/vendor/laravel/framework/src/Illuminate/Routing/Router.php(612): Illuminate\\Routing\\Router->dispatchToRoute(Object(Illuminate\\Http\\Request))
#31 /var/www/vendor/laravel/framework/src/Illuminate/Foundation/Http/Kernel.php(176): Illuminate\\Routing\\Router->dispatch(Object(Illuminate\\Http\\Request))
#32 /var/www/vendor/laravel/framework/src/Illuminate/Routing/Pipeline.php(30): Illuminate\\Foundation\\Http\\Kernel->Illuminate\\Foundation\\Http\\{closure}(Object(Illuminate\\Http\\Request))
#33 /var/www/vendor/laravel/framework/src/Illuminate/Foundation/Http/Middleware/TransformsRequest.php(21): Illuminate\\Routing\\Pipeline->Illuminate\\Routing\\{closure}(Object(Illuminate\\Http\\Request))
#34 /var/www/vendor/laravel/framework/src/Illuminate/Pipeline/Pipeline.php(163): Illuminate\\Foundation\\Http\\Middleware\\TransformsRequest->handle(Object(Illuminate\\Http\\Request), Object(Closure))
#35 /var/www/vendor/laravel/framework/src/Illuminate/Routing/Pipeline.php(53): Illuminate\\Pipeline\\Pipeline->Illuminate\\Pipeline\\{closure}(Object(Illuminate\\Http\\Request))
#36 /var/www/vendor/laravel/framework/src/Illuminate/Foundation/Http/Middleware/TransformsRequest.php(21): Illuminate\\Routing\\Pipeline->Illuminate\\Routing\\{closure}(Object(Illuminate\\Http\\Request))
#37 /var/www/vendor/laravel/framework/src/Illuminate/Pipeline/Pipeline.php(163): Illuminate\\Foundation\\Http\\Middleware\\TransformsRequest->handle(Object(Illuminate\\Http\\Request), Object(Closure))
#38 /var/www/vendor/laravel/framework/src/Illuminate/Routing/Pipeline.php(53): Illuminate\\Pipeline\\Pipeline->Illuminate\\Pipeline\\{closure}(Object(Illuminate\\Http\\Request))
#39 /var/www/vendor/laravel/framework/src/Illuminate/Foundation/Http/Middleware/ValidatePostSize.php(27): Illuminate\\Routing\\Pipeline->Illuminate\\Routing\\{closure}(Object(Illuminate\\Http\\Request))
#40 /var/www/vendor/laravel/framework/src/Illuminate/Pipeline/Pipeline.php(163): Illuminate\\Foundation\\Http\\Middleware\\ValidatePostSize->handle(Object(Illuminate\\Http\\Request), Object(Closure))
#41 /var/www/vendor/laravel/framework/src/Illuminate/Routing/Pipeline.php(53): Illuminate\\Pipeline\\Pipeline->Illuminate\\Pipeline\\{closure}(Object(Illuminate\\Http\\Request))
#42 /var/www/vendor/laravel/framework/src/Illuminate/Foundation/Http/Middleware/CheckForMaintenanceMode.php(62): Illuminate\\Routing\\Pipeline->Illuminate\\Routing\\{closure}(Object(Illuminate\\Http\\Request))
#43 /var/www/vendor/laravel/framework/src/Illuminate/Pipeline/Pipeline.php(163): Illuminate\\Foundation\\Http\\Middleware\\CheckForMaintenanceMode->handle(Object(Illuminate\\Http\\Request), Object(Closure))
#44 /var/www/vendor/laravel/framework/src/Illuminate/Routing/Pipeline.php(53): Illuminate\\Pipeline\\Pipeline->Illuminate\\Pipeline\\{closure}(Object(Illuminate\\Http\\Request))
#45 /var/www/vendor/fideloper/proxy/src/TrustProxies.php(57): Illuminate\\Routing\\Pipeline->Illuminate\\Routing\\{closure}(Object(Illuminate\\Http\\Request))
#46 /var/www/vendor/laravel/framework/src/Illuminate/Pipeline/Pipeline.php(163): Fideloper\\Proxy\\TrustProxies->handle(Object(Illuminate\\Http\\Request), Object(Closure))
#47 /var/www/vendor/laravel/framework/src/Illuminate/Routing/Pipeline.php(53): Illuminate\\Pipeline\\Pipeline->Illuminate\\Pipeline\\{closure}(Object(Illuminate\\Http\\Request))
#48 /var/www/vendor/laravel/framework/src/Illuminate/Pipeline/Pipeline.php(104): Illuminate\\Routing\\Pipeline->Illuminate\\Routing\\{closure}(Object(Illuminate\\Http\\Request))
#49 /var/www/vendor/laravel/framework/src/Illuminate/Foundation/Http/Kernel.php(151): Illuminate\\Pipeline\\Pipeline->then(Object(Closure))
#50 /var/www/vendor/laravel/framework/src/Illuminate/Foundation/Http/Kernel.php(116): Illuminate\\Foundation\\Http\\Kernel->sendRequestThroughRouter(Object(Illuminate\\Http\\Request))
#51 /var/www/public/index.php(55): Illuminate\\Foundation\\Http\\Kernel->handle(Object(Illuminate\\Http\\Request))
#52 {main}
"} 
[2019-10-21 02:14:46] local.ERROR: Class App\Http\Middleware\Auth does not exist {"exception":"[object] (ReflectionException(code: 0): Class App\\Http\\Middleware\\Auth does not exist at /var/www/vendor/laravel/framework/src/Illuminate/Container/Container.php:853)
[stacktrace]
#0 /var/www/vendor/laravel/framework/src/Illuminate/Container/Container.php(853): ReflectionParameter->getClass()
#1 /var/www/vendor/laravel/framework/src/Illuminate/Container/Container.php(816): Illuminate\\Container\\Container->resolveDependencies(Array)
#2 /var/www/vendor/laravel/framework/src/Illuminate/Container/Container.php(667): Illuminate\\Container\\Container->build('App\\\\Http\\\\Middle...')
#3 /var/www/vendor/laravel/framework/src/Illuminate/Container/Container.php(615): Illuminate\\Container\\Container->resolve('App\\\\Http\\\\Middle...', Array)
#4 /var/www/vendor/laravel/framework/src/Illuminate/Foundation/Application.php(767): Illuminate\\Container\\Container->make('App\\\\Http\\\\Middle...', Array)
#5 /var/www/vendor/laravel/framework/src/Illuminate/Foundation/Http/Kernel.php(215): Illuminate\\Foundation\\Application->make('App\\\\Http\\\\Middle...')
#6 /var/www/vendor/laravel/framework/src/Illuminate/Foundation/Http/Kernel.php(189): Illuminate\\Foundation\\Http\\Kernel->terminateMiddleware(Object(Illuminate\\Http\\Request), Object(Illuminate\\Http\\Response))
#7 /var/www/public/index.php(60): Illuminate\\Foundation\\Http\\Kernel->terminate(Object(Illuminate\\Http\\Request), Object(Illuminate\\Http\\Response))
#8 {main}
"} 
[2019-10-21 02:17:00] local.ERROR: Header may not contain more than a single header, new line detected {"exception":"[object] (ErrorException(code: 0): Header may not contain more than a single header, new line detected at /var/www/vendor/symfony/http-foundation/Response.php:341)
[stacktrace]
#0 [internal function]: Illuminate\\Foundation\\Bootstrap\\HandleExceptions->handleError(2, 'Header may not ...', '/var/www/vendor...', 341, Array)
#1 /var/www/vendor/symfony/http-foundation/Response.php(341): header('Location: http:...', false, 302)
#2 /var/www/vendor/symfony/http-foundation/Response.php(375): Symfony\\Component\\HttpFoundation\\Response->sendHeaders()
#3 /var/www/public/index.php(58): Symfony\\Component\\HttpFoundation\\Response->send()
#4 {main}
"} 
